<?xml version="1.0" encoding="UTF-8"?>
<testsuite name="com.multimodule.admin.SampleAdminApplicationTest" tests="1" skipped="0" failures="0" errors="0" timestamp="2021-01-17T06:17:41" hostname="DESKTOP-VDEC0HE" time="0.155">
  <properties/>
  <testcase name="contextLoads" classname="com.multimodule.admin.SampleAdminApplicationTest" time="0.155"/>
  <system-out><![CDATA[08:17:37.956 [Test worker] DEBUG org.springframework.test.context.junit4.SpringJUnit4ClassRunner - SpringJUnit4ClassRunner constructor called with [class com.multimodule.admin.SampleAdminApplicationTest]
08:17:37.963 [Test worker] DEBUG org.springframework.test.context.BootstrapUtils - Instantiating CacheAwareContextLoaderDelegate from class [org.springframework.test.context.cache.DefaultCacheAwareContextLoaderDelegate]
08:17:37.969 [Test worker] DEBUG org.springframework.test.context.BootstrapUtils - Instantiating BootstrapContext using constructor [public org.springframework.test.context.support.DefaultBootstrapContext(java.lang.Class,org.springframework.test.context.CacheAwareContextLoaderDelegate)]
08:17:37.982 [Test worker] DEBUG org.springframework.test.context.BootstrapUtils - Instantiating TestContextBootstrapper for test class [com.multimodule.admin.SampleAdminApplicationTest] from class [org.springframework.boot.test.context.SpringBootTestContextBootstrapper]
08:17:37.992 [Test worker] INFO org.springframework.boot.test.context.SpringBootTestContextBootstrapper - Neither @ContextConfiguration nor @ContextHierarchy found for test class [com.multimodule.admin.SampleAdminApplicationTest], using SpringBootContextLoader
08:17:37.995 [Test worker] DEBUG org.springframework.test.context.support.AbstractContextLoader - Did not detect default resource location for test class [com.multimodule.admin.SampleAdminApplicationTest]: class path resource [com/multimodule/admin/SampleAdminApplicationTest-context.xml] does not exist
08:17:37.995 [Test worker] DEBUG org.springframework.test.context.support.AbstractContextLoader - Did not detect default resource location for test class [com.multimodule.admin.SampleAdminApplicationTest]: class path resource [com/multimodule/admin/SampleAdminApplicationTestContext.groovy] does not exist
08:17:37.995 [Test worker] INFO org.springframework.test.context.support.AbstractContextLoader - Could not detect default resource locations for test class [com.multimodule.admin.SampleAdminApplicationTest]: no resource found for suffixes {-context.xml, Context.groovy}.
08:17:37.996 [Test worker] INFO org.springframework.test.context.support.AnnotationConfigContextLoaderUtils - Could not detect default configuration classes for test class [com.multimodule.admin.SampleAdminApplicationTest]: SampleAdminApplicationTest does not declare any static, non-private, non-final, nested classes annotated with @Configuration.
08:17:38.027 [Test worker] DEBUG org.springframework.test.context.support.ActiveProfilesUtils - Could not find an 'annotation declaring class' for annotation type [org.springframework.test.context.ActiveProfiles] and class [com.multimodule.admin.SampleAdminApplicationTest]
08:17:38.079 [Test worker] DEBUG org.springframework.context.annotation.ClassPathScanningCandidateComponentProvider - Identified candidate component class: file [C:\Users\yurii\IdeaProjects\epam-mentoring-tasks\module_4_Build_tools\sample-admin\build\classes\java\main\com\multimodule\admin\SampleAdminApplication.class]
08:17:38.080 [Test worker] INFO org.springframework.boot.test.context.SpringBootTestContextBootstrapper - Found @SpringBootConfiguration com.multimodule.admin.SampleAdminApplication for test class com.multimodule.admin.SampleAdminApplicationTest
08:17:38.156 [Test worker] DEBUG org.springframework.boot.test.context.SpringBootTestContextBootstrapper - @TestExecutionListeners is not present for class [com.multimodule.admin.SampleAdminApplicationTest]: using defaults.
08:17:38.157 [Test worker] INFO org.springframework.boot.test.context.SpringBootTestContextBootstrapper - Loaded default TestExecutionListener class names from location [META-INF/spring.factories]: [org.springframework.boot.test.autoconfigure.restdocs.RestDocsTestExecutionListener, org.springframework.boot.test.autoconfigure.web.client.MockRestServiceServerResetTestExecutionListener, org.springframework.boot.test.autoconfigure.web.servlet.MockMvcPrintOnlyOnFailureTestExecutionListener, org.springframework.boot.test.autoconfigure.web.servlet.WebDriverTestExecutionListener, org.springframework.boot.test.mock.mockito.MockitoTestExecutionListener, org.springframework.boot.test.mock.mockito.ResetMocksTestExecutionListener, org.springframework.test.context.web.ServletTestExecutionListener, org.springframework.test.context.support.DirtiesContextBeforeModesTestExecutionListener, org.springframework.test.context.support.DependencyInjectionTestExecutionListener, org.springframework.test.context.support.DirtiesContextTestExecutionListener, org.springframework.test.context.transaction.TransactionalTestExecutionListener, org.springframework.test.context.jdbc.SqlScriptsTestExecutionListener]
08:17:38.170 [Test worker] INFO org.springframework.boot.test.context.SpringBootTestContextBootstrapper - Using TestExecutionListeners: [org.springframework.test.context.web.ServletTestExecutionListener@46c07416, org.springframework.test.context.support.DirtiesContextBeforeModesTestExecutionListener@5ca3fc64, org.springframework.boot.test.mock.mockito.MockitoTestExecutionListener@9918c1d, org.springframework.boot.test.autoconfigure.SpringBootDependencyInjectionTestExecutionListener@2e3c31ae, org.springframework.test.context.support.DirtiesContextTestExecutionListener@6b1980bb, org.springframework.test.context.transaction.TransactionalTestExecutionListener@281a0160, org.springframework.test.context.jdbc.SqlScriptsTestExecutionListener@2d6e811a, org.springframework.boot.test.autoconfigure.restdocs.RestDocsTestExecutionListener@62907458, org.springframework.boot.test.autoconfigure.web.client.MockRestServiceServerResetTestExecutionListener@45ab3ce9, org.springframework.boot.test.autoconfigure.web.servlet.MockMvcPrintOnlyOnFailureTestExecutionListener@3dc2243d, org.springframework.boot.test.autoconfigure.web.servlet.WebDriverTestExecutionListener@64fd14ce, org.springframework.boot.test.mock.mockito.ResetMocksTestExecutionListener@52e9ebd]
08:17:38.172 [Test worker] DEBUG org.springframework.test.annotation.ProfileValueUtils - Retrieved @ProfileValueSourceConfiguration [null] for test class [com.multimodule.admin.SampleAdminApplicationTest]
08:17:38.172 [Test worker] DEBUG org.springframework.test.annotation.ProfileValueUtils - Retrieved ProfileValueSource type [class org.springframework.test.annotation.SystemProfileValueSource] for class [com.multimodule.admin.SampleAdminApplicationTest]
08:17:38.173 [Test worker] DEBUG org.springframework.test.annotation.ProfileValueUtils - Retrieved @ProfileValueSourceConfiguration [null] for test class [com.multimodule.admin.SampleAdminApplicationTest]
08:17:38.173 [Test worker] DEBUG org.springframework.test.annotation.ProfileValueUtils - Retrieved ProfileValueSource type [class org.springframework.test.annotation.SystemProfileValueSource] for class [com.multimodule.admin.SampleAdminApplicationTest]
08:17:38.177 [Test worker] DEBUG org.springframework.test.context.support.AbstractDirtiesContextTestExecutionListener - Before test class: context [DefaultTestContext@6393b3ee testClass = SampleAdminApplicationTest, testInstance = [null], testMethod = [null], testException = [null], mergedContextConfiguration = [WebMergedContextConfiguration@70911c47 testClass = SampleAdminApplicationTest, locations = '{}', classes = '{class com.multimodule.admin.SampleAdminApplication}', contextInitializerClasses = '[]', activeProfiles = '{}', propertySourceLocations = '{}', propertySourceProperties = '{org.springframework.boot.test.context.SpringBootTestContextBootstrapper=true}', contextCustomizers = set[org.springframework.boot.test.autoconfigure.properties.PropertyMappingContextCustomizer@0, org.springframework.boot.test.autoconfigure.web.servlet.WebDriverContextCustomizerFactory$Customizer@410cb395, org.springframework.boot.test.context.filter.ExcludeFilterContextCustomizer@4dfa1913, org.springframework.boot.test.json.DuplicateJsonObjectContextCustomizerFactory$DuplicateJsonObjectContextCustomizer@1f5cbb43, org.springframework.boot.test.mock.mockito.MockitoContextCustomizer@0, org.springframework.boot.test.web.client.TestRestTemplateContextCustomizer@57e061c0], resourceBasePath = 'src/main/webapp', contextLoader = 'org.springframework.boot.test.context.SpringBootContextLoader', parent = [null]], attributes = map['org.springframework.test.context.web.ServletTestExecutionListener.activateListener' -> true]], class annotated with @DirtiesContext [false] with mode [null].
08:17:38.178 [Test worker] DEBUG org.springframework.test.annotation.ProfileValueUtils - Retrieved @ProfileValueSourceConfiguration [null] for test class [com.multimodule.admin.SampleAdminApplicationTest]
08:17:38.178 [Test worker] DEBUG org.springframework.test.annotation.ProfileValueUtils - Retrieved ProfileValueSource type [class org.springframework.test.annotation.SystemProfileValueSource] for class [com.multimodule.admin.SampleAdminApplicationTest]
08:17:38.195 [Test worker] DEBUG org.springframework.test.context.support.TestPropertySourceUtils - Adding inlined properties to environment: {spring.jmx.enabled=false, org.springframework.boot.test.context.SpringBootTestContextBootstrapper=true, server.port=-1}

  .   ____          _            __ _ _
 /\\ / ___'_ __ _ _(_)_ __  __ _ \ \ \ \
( ( )\___ | '_ | '_| | '_ \/ _` | \ \ \ \
 \\/  ___)| |_)| | | | | || (_| |  ) ) ) )
  '  |____| .__|_| |_|_| |_\__, | / / / /
 =========|_|==============|___/=/_/_/_/
 :: Spring Boot ::        (v2.1.3.RELEASE)

2021-01-17 08:17:38.435  INFO 1968 --- [    Test worker] c.m.admin.SampleAdminApplicationTest     : Starting SampleAdminApplicationTest on DESKTOP-VDEC0HE with PID 1968 (started by DESKTOP-VDEC0HE$ in C:\Users\yurii\IdeaProjects\epam-mentoring-tasks\module_4_Build_tools\sample-admin)
2021-01-17 08:17:38.436  INFO 1968 --- [    Test worker] c.m.admin.SampleAdminApplicationTest     : No active profile set, falling back to default profiles: default
2021-01-17 08:17:38.956  INFO 1968 --- [    Test worker] .s.d.r.c.RepositoryConfigurationDelegate : Bootstrapping Spring Data repositories in DEFAULT mode.
2021-01-17 08:17:38.973  INFO 1968 --- [    Test worker] .s.d.r.c.RepositoryConfigurationDelegate : Finished Spring Data repository scanning in 11ms. Found 0 repository interfaces.
2021-01-17 08:17:39.261  INFO 1968 --- [    Test worker] trationDelegate$BeanPostProcessorChecker : Bean 'org.springframework.transaction.annotation.ProxyTransactionManagementConfiguration' of type [org.springframework.transaction.annotation.ProxyTransactionManagementConfiguration$$EnhancerBySpringCGLIB$$700f788f] is not eligible for getting processed by all BeanPostProcessors (for example: not eligible for auto-proxying)
2021-01-17 08:17:39.424  INFO 1968 --- [    Test worker] com.zaxxer.hikari.HikariDataSource       : HikariPool-1 - Starting...
2021-01-17 08:17:39.539  INFO 1968 --- [    Test worker] com.zaxxer.hikari.HikariDataSource       : HikariPool-1 - Start completed.
2021-01-17 08:17:39.611  INFO 1968 --- [    Test worker] o.hibernate.jpa.internal.util.LogHelper  : HHH000204: Processing PersistenceUnitInfo [
	name: default
	...]
2021-01-17 08:17:39.676  INFO 1968 --- [    Test worker] org.hibernate.Version                    : HHH000412: Hibernate Core {5.3.7.Final}
2021-01-17 08:17:39.677  INFO 1968 --- [    Test worker] org.hibernate.cfg.Environment            : HHH000206: hibernate.properties not found
2021-01-17 08:17:39.821  INFO 1968 --- [    Test worker] o.hibernate.annotations.common.Version   : HCANN000001: Hibernate Commons Annotations {5.0.4.Final}
2021-01-17 08:17:39.959  INFO 1968 --- [    Test worker] org.hibernate.dialect.Dialect            : HHH000400: Using dialect: org.hibernate.dialect.H2Dialect
2021-01-17 08:17:40.175  INFO 1968 --- [    Test worker] o.h.t.schema.internal.SchemaCreatorImpl  : HHH000476: Executing import script 'org.hibernate.tool.schema.internal.exec.ScriptSourceInputNonExistentImpl@66080865'
2021-01-17 08:17:40.178  INFO 1968 --- [    Test worker] j.LocalContainerEntityManagerFactoryBean : Initialized JPA EntityManagerFactory for persistence unit 'default'
2021-01-17 08:17:40.686  INFO 1968 --- [    Test worker] o.s.s.concurrent.ThreadPoolTaskExecutor  : Initializing ExecutorService 'applicationTaskExecutor'
2021-01-17 08:17:40.730  WARN 1968 --- [    Test worker] aWebConfiguration$JpaWebMvcConfiguration : spring.jpa.open-in-view is enabled by default. Therefore, database queries may be performed during view rendering. Explicitly configure spring.jpa.open-in-view to disable this warning
2021-01-17 08:17:41.010  INFO 1968 --- [    Test worker] c.m.admin.SampleAdminApplicationTest     : Started SampleAdminApplicationTest in 2.807 seconds (JVM running for 3.825)
]]></system-out>
  <system-err><![CDATA[]]></system-err>
</testsuite>
