<?xml version="1.0" encoding="UTF-8"?>
<testsuite name="com.multimodule.api.service.MemberServiceCustomTest" tests="1" skipped="0" failures="0" errors="0" timestamp="2021-01-17T06:17:47" hostname="DESKTOP-VDEC0HE" time="0.113">
  <properties/>
  <testcase name="save" classname="com.multimodule.api.service.MemberServiceCustomTest" time="0.113"/>
  <system-out><![CDATA[08:17:43.568 [Test worker] DEBUG org.springframework.test.context.junit4.SpringJUnit4ClassRunner - SpringJUnit4ClassRunner constructor called with [class com.multimodule.api.service.MemberServiceCustomTest]
08:17:43.576 [Test worker] DEBUG org.springframework.test.context.BootstrapUtils - Instantiating CacheAwareContextLoaderDelegate from class [org.springframework.test.context.cache.DefaultCacheAwareContextLoaderDelegate]
08:17:43.583 [Test worker] DEBUG org.springframework.test.context.BootstrapUtils - Instantiating BootstrapContext using constructor [public org.springframework.test.context.support.DefaultBootstrapContext(java.lang.Class,org.springframework.test.context.CacheAwareContextLoaderDelegate)]
08:17:43.596 [Test worker] DEBUG org.springframework.test.context.BootstrapUtils - Instantiating TestContextBootstrapper for test class [com.multimodule.api.service.MemberServiceCustomTest] from class [org.springframework.boot.test.context.SpringBootTestContextBootstrapper]
08:17:43.605 [Test worker] INFO org.springframework.boot.test.context.SpringBootTestContextBootstrapper - Neither @ContextConfiguration nor @ContextHierarchy found for test class [com.multimodule.api.service.MemberServiceCustomTest], using SpringBootContextLoader
08:17:43.607 [Test worker] DEBUG org.springframework.test.context.support.AbstractContextLoader - Did not detect default resource location for test class [com.multimodule.api.service.MemberServiceCustomTest]: class path resource [com/multimodule/api/service/MemberServiceCustomTest-context.xml] does not exist
08:17:43.608 [Test worker] DEBUG org.springframework.test.context.support.AbstractContextLoader - Did not detect default resource location for test class [com.multimodule.api.service.MemberServiceCustomTest]: class path resource [com/multimodule/api/service/MemberServiceCustomTestContext.groovy] does not exist
08:17:43.608 [Test worker] INFO org.springframework.test.context.support.AbstractContextLoader - Could not detect default resource locations for test class [com.multimodule.api.service.MemberServiceCustomTest]: no resource found for suffixes {-context.xml, Context.groovy}.
08:17:43.609 [Test worker] INFO org.springframework.test.context.support.AnnotationConfigContextLoaderUtils - Could not detect default configuration classes for test class [com.multimodule.api.service.MemberServiceCustomTest]: MemberServiceCustomTest does not declare any static, non-private, non-final, nested classes annotated with @Configuration.
08:17:43.641 [Test worker] DEBUG org.springframework.test.context.support.ActiveProfilesUtils - Could not find an 'annotation declaring class' for annotation type [org.springframework.test.context.ActiveProfiles] and class [com.multimodule.api.service.MemberServiceCustomTest]
08:17:43.701 [Test worker] DEBUG org.springframework.context.annotation.ClassPathScanningCandidateComponentProvider - Identified candidate component class: file [C:\Users\yurii\IdeaProjects\epam-mentoring-tasks\module_4_Build_tools\sample-api\build\classes\java\main\com\multimodule\api\SampleApiApplication.class]
08:17:43.702 [Test worker] INFO org.springframework.boot.test.context.SpringBootTestContextBootstrapper - Found @SpringBootConfiguration com.multimodule.api.SampleApiApplication for test class com.multimodule.api.service.MemberServiceCustomTest
08:17:43.778 [Test worker] DEBUG org.springframework.boot.test.context.SpringBootTestContextBootstrapper - @TestExecutionListeners is not present for class [com.multimodule.api.service.MemberServiceCustomTest]: using defaults.
08:17:43.779 [Test worker] INFO org.springframework.boot.test.context.SpringBootTestContextBootstrapper - Loaded default TestExecutionListener class names from location [META-INF/spring.factories]: [org.springframework.boot.test.autoconfigure.restdocs.RestDocsTestExecutionListener, org.springframework.boot.test.autoconfigure.web.client.MockRestServiceServerResetTestExecutionListener, org.springframework.boot.test.autoconfigure.web.servlet.MockMvcPrintOnlyOnFailureTestExecutionListener, org.springframework.boot.test.autoconfigure.web.servlet.WebDriverTestExecutionListener, org.springframework.boot.test.mock.mockito.MockitoTestExecutionListener, org.springframework.boot.test.mock.mockito.ResetMocksTestExecutionListener, org.springframework.test.context.web.ServletTestExecutionListener, org.springframework.test.context.support.DirtiesContextBeforeModesTestExecutionListener, org.springframework.test.context.support.DependencyInjectionTestExecutionListener, org.springframework.test.context.support.DirtiesContextTestExecutionListener, org.springframework.test.context.transaction.TransactionalTestExecutionListener, org.springframework.test.context.jdbc.SqlScriptsTestExecutionListener]
08:17:43.792 [Test worker] INFO org.springframework.boot.test.context.SpringBootTestContextBootstrapper - Using TestExecutionListeners: [org.springframework.test.context.web.ServletTestExecutionListener@376b9dcf, org.springframework.test.context.support.DirtiesContextBeforeModesTestExecutionListener@65af142d, org.springframework.boot.test.mock.mockito.MockitoTestExecutionListener@6ffea10b, org.springframework.boot.test.autoconfigure.SpringBootDependencyInjectionTestExecutionListener@4377ca6c, org.springframework.test.context.support.DirtiesContextTestExecutionListener@2899b228, org.springframework.test.context.transaction.TransactionalTestExecutionListener@350ad56a, org.springframework.test.context.jdbc.SqlScriptsTestExecutionListener@2fe6dc39, org.springframework.boot.test.autoconfigure.restdocs.RestDocsTestExecutionListener@52bf5703, org.springframework.boot.test.autoconfigure.web.client.MockRestServiceServerResetTestExecutionListener@37d2a78e, org.springframework.boot.test.autoconfigure.web.servlet.MockMvcPrintOnlyOnFailureTestExecutionListener@5410859b, org.springframework.boot.test.autoconfigure.web.servlet.WebDriverTestExecutionListener@4d0e9c34, org.springframework.boot.test.mock.mockito.ResetMocksTestExecutionListener@65a1ddd9]
08:17:43.795 [Test worker] DEBUG org.springframework.test.annotation.ProfileValueUtils - Retrieved @ProfileValueSourceConfiguration [null] for test class [com.multimodule.api.service.MemberServiceCustomTest]
08:17:43.795 [Test worker] DEBUG org.springframework.test.annotation.ProfileValueUtils - Retrieved ProfileValueSource type [class org.springframework.test.annotation.SystemProfileValueSource] for class [com.multimodule.api.service.MemberServiceCustomTest]
08:17:43.796 [Test worker] DEBUG org.springframework.test.annotation.ProfileValueUtils - Retrieved @ProfileValueSourceConfiguration [null] for test class [com.multimodule.api.service.MemberServiceCustomTest]
08:17:43.796 [Test worker] DEBUG org.springframework.test.annotation.ProfileValueUtils - Retrieved ProfileValueSource type [class org.springframework.test.annotation.SystemProfileValueSource] for class [com.multimodule.api.service.MemberServiceCustomTest]
08:17:43.800 [Test worker] DEBUG org.springframework.test.context.support.AbstractDirtiesContextTestExecutionListener - Before test class: context [DefaultTestContext@5190009e testClass = MemberServiceCustomTest, testInstance = [null], testMethod = [null], testException = [null], mergedContextConfiguration = [WebMergedContextConfiguration@6cca18ad testClass = MemberServiceCustomTest, locations = '{}', classes = '{class com.multimodule.api.SampleApiApplication}', contextInitializerClasses = '[]', activeProfiles = '{}', propertySourceLocations = '{}', propertySourceProperties = '{org.springframework.boot.test.context.SpringBootTestContextBootstrapper=true}', contextCustomizers = set[org.springframework.boot.test.autoconfigure.properties.PropertyMappingContextCustomizer@0, org.springframework.boot.test.autoconfigure.web.servlet.WebDriverContextCustomizerFactory$Customizer@4cfef34a, org.springframework.boot.test.context.filter.ExcludeFilterContextCustomizer@74c78e02, org.springframework.boot.test.json.DuplicateJsonObjectContextCustomizerFactory$DuplicateJsonObjectContextCustomizer@3f973d1f, org.springframework.boot.test.mock.mockito.MockitoContextCustomizer@0, org.springframework.boot.test.web.client.TestRestTemplateContextCustomizer@24acae5], resourceBasePath = 'src/main/webapp', contextLoader = 'org.springframework.boot.test.context.SpringBootContextLoader', parent = [null]], attributes = map['org.springframework.test.context.web.ServletTestExecutionListener.activateListener' -> true]], class annotated with @DirtiesContext [false] with mode [null].
08:17:43.801 [Test worker] DEBUG org.springframework.test.annotation.ProfileValueUtils - Retrieved @ProfileValueSourceConfiguration [null] for test class [com.multimodule.api.service.MemberServiceCustomTest]
08:17:43.801 [Test worker] DEBUG org.springframework.test.annotation.ProfileValueUtils - Retrieved ProfileValueSource type [class org.springframework.test.annotation.SystemProfileValueSource] for class [com.multimodule.api.service.MemberServiceCustomTest]
08:17:43.816 [Test worker] DEBUG org.springframework.test.context.support.TestPropertySourceUtils - Adding inlined properties to environment: {spring.jmx.enabled=false, org.springframework.boot.test.context.SpringBootTestContextBootstrapper=true, server.port=-1}

  .   ____          _            __ _ _
 /\\ / ___'_ __ _ _(_)_ __  __ _ \ \ \ \
( ( )\___ | '_ | '_| | '_ \/ _` | \ \ \ \
 \\/  ___)| |_)| | | | | || (_| |  ) ) ) )
  '  |____| .__|_| |_|_| |_\__, | / / / /
 =========|_|==============|___/=/_/_/_/
 :: Spring Boot ::        (v2.1.3.RELEASE)

2021-01-17 08:17:44.058  INFO 8036 --- [    Test worker] c.m.api.service.MemberServiceCustomTest  : Starting MemberServiceCustomTest on DESKTOP-VDEC0HE with PID 8036 (started by DESKTOP-VDEC0HE$ in C:\Users\yurii\IdeaProjects\epam-mentoring-tasks\module_4_Build_tools\sample-api)
2021-01-17 08:17:44.059  INFO 8036 --- [    Test worker] c.m.api.service.MemberServiceCustomTest  : No active profile set, falling back to default profiles: default
2021-01-17 08:17:44.494  INFO 8036 --- [    Test worker] .s.d.r.c.RepositoryConfigurationDelegate : Bootstrapping Spring Data repositories in DEFAULT mode.
2021-01-17 08:17:44.548  INFO 8036 --- [    Test worker] .s.d.r.c.RepositoryConfigurationDelegate : Finished Spring Data repository scanning in 46ms. Found 1 repository interfaces.
2021-01-17 08:17:44.971  INFO 8036 --- [    Test worker] trationDelegate$BeanPostProcessorChecker : Bean 'org.springframework.transaction.annotation.ProxyTransactionManagementConfiguration' of type [org.springframework.transaction.annotation.ProxyTransactionManagementConfiguration$$EnhancerBySpringCGLIB$$a81c0583] is not eligible for getting processed by all BeanPostProcessors (for example: not eligible for auto-proxying)
2021-01-17 08:17:45.152  INFO 8036 --- [    Test worker] com.zaxxer.hikari.HikariDataSource       : HikariPool-1 - Starting...
2021-01-17 08:17:45.271  INFO 8036 --- [    Test worker] com.zaxxer.hikari.HikariDataSource       : HikariPool-1 - Start completed.
2021-01-17 08:17:45.343  INFO 8036 --- [    Test worker] o.hibernate.jpa.internal.util.LogHelper  : HHH000204: Processing PersistenceUnitInfo [
	name: default
	...]
2021-01-17 08:17:45.406  INFO 8036 --- [    Test worker] org.hibernate.Version                    : HHH000412: Hibernate Core {5.3.7.Final}
2021-01-17 08:17:45.408  INFO 8036 --- [    Test worker] org.hibernate.cfg.Environment            : HHH000206: hibernate.properties not found
2021-01-17 08:17:45.551  INFO 8036 --- [    Test worker] o.hibernate.annotations.common.Version   : HCANN000001: Hibernate Commons Annotations {5.0.4.Final}
2021-01-17 08:17:45.687  INFO 8036 --- [    Test worker] org.hibernate.dialect.Dialect            : HHH000400: Using dialect: org.hibernate.dialect.H2Dialect
2021-01-17 08:17:46.230  INFO 8036 --- [    Test worker] o.h.t.schema.internal.SchemaCreatorImpl  : HHH000476: Executing import script 'org.hibernate.tool.schema.internal.exec.ScriptSourceInputNonExistentImpl@197b6b40'
2021-01-17 08:17:46.232  INFO 8036 --- [    Test worker] j.LocalContainerEntityManagerFactoryBean : Initialized JPA EntityManagerFactory for persistence unit 'default'
2021-01-17 08:17:46.918  INFO 8036 --- [    Test worker] o.s.s.concurrent.ThreadPoolTaskExecutor  : Initializing ExecutorService 'applicationTaskExecutor'
2021-01-17 08:17:46.963  WARN 8036 --- [    Test worker] aWebConfiguration$JpaWebMvcConfiguration : spring.jpa.open-in-view is enabled by default. Therefore, database queries may be performed during view rendering. Explicitly configure spring.jpa.open-in-view to disable this warning
2021-01-17 08:17:47.219  INFO 8036 --- [    Test worker] c.m.api.service.MemberServiceCustomTest  : Started MemberServiceCustomTest in 3.395 seconds (JVM running for 4.418)
]]></system-out>
  <system-err><![CDATA[]]></system-err>
</testsuite>
